<?xml version="1.0" encoding="UTF-8"?>
<!-- Generated by org.testng.reporters.JUnitReportReporter -->
<testsuite hostname="happybirth" failures="0" tests="1" name="com.OrangeHRM.admin.Login" time="2.398" errors="0" timestamp="2024-07-11T13:42:21 ICT" skipped="0">
  <testcase classname="com.OrangeHRM.admin.Login" name="TC_01_Login_Page" time="2.398"/>
</testsuite> <!-- com.OrangeHRM.admin.Login -->
